mode: set
mini-project/businesses/comments/usecase.go:7.62,10.2 1 1
mini-project/businesses/comments/usecase.go:12.65,14.2 1 1
mini-project/businesses/comments/usecase.go:15.61,17.16 2 1
mini-project/businesses/comments/usecase.go:21.2,21.18 1 1
mini-project/businesses/comments/usecase.go:17.16,19.3 1 1
mini-project/businesses/comments/usecase.go:24.66,26.2 1 1
mini-project/businesses/comments/usecase.go:28.50,30.2 1 1
mini-project/businesses/comments/usecase.go:31.68,33.2 1 1
mini-project/businesses/posts/usecase.go:16.161,24.2 1 1
mini-project/businesses/posts/usecase.go:26.62,28.2 1 1
mini-project/businesses/posts/usecase.go:29.79,32.16 2 1
mini-project/businesses/posts/usecase.go:36.2,37.16 2 1
mini-project/businesses/posts/usecase.go:40.2,44.16 3 1
mini-project/businesses/posts/usecase.go:47.2,50.87 2 1
mini-project/businesses/posts/usecase.go:55.2,55.87 1 1
mini-project/businesses/posts/usecase.go:59.2,59.18 1 1
mini-project/businesses/posts/usecase.go:32.16,34.3 1 1
mini-project/businesses/posts/usecase.go:37.16,39.3 1 0
mini-project/businesses/posts/usecase.go:44.16,46.3 1 0
mini-project/businesses/posts/usecase.go:50.87,52.3 1 1
mini-project/businesses/posts/usecase.go:55.87,57.3 1 1
mini-project/businesses/posts/usecase.go:62.80,65.16 2 1
mini-project/businesses/posts/usecase.go:68.2,68.34 1 1
mini-project/businesses/posts/usecase.go:93.2,93.19 1 1
mini-project/businesses/posts/usecase.go:65.16,67.3 1 0
mini-project/businesses/posts/usecase.go:68.34,71.17 2 1
mini-project/businesses/posts/usecase.go:74.3,78.17 3 1
mini-project/businesses/posts/usecase.go:81.3,84.93 2 1
mini-project/businesses/posts/usecase.go:89.3,89.93 1 1
mini-project/businesses/posts/usecase.go:71.17,73.4 1 0
mini-project/businesses/posts/usecase.go:78.17,80.4 1 0
mini-project/businesses/posts/usecase.go:84.93,86.4 1 1
mini-project/businesses/posts/usecase.go:89.93,91.4 1 1
mini-project/businesses/posts/usecase.go:95.73,98.2 1 1
mini-project/businesses/posts/usecase.go:99.47,101.16 2 1
mini-project/businesses/posts/usecase.go:105.2,113.36 4 1
mini-project/businesses/posts/usecase.go:101.16,103.3 1 0
mini-project/businesses/posts/usecase.go:115.62,117.16 2 1
mini-project/businesses/posts/usecase.go:120.2,120.29 1 1
mini-project/businesses/posts/usecase.go:130.2,130.51 1 1
mini-project/businesses/posts/usecase.go:117.16,119.3 1 0
mini-project/businesses/posts/usecase.go:120.29,128.3 3 1
mini-project/businesses/posts/usecase.go:134.70,138.2 1 1
mini-project/businesses/posts/usecase.go:139.72,143.2 1 1
mini-project/businesses/posts/usecase.go:144.70,146.2 1 1
mini-project/businesses/posts/usecase.go:147.72,151.2 1 1
mini-project/businesses/users/usecase.go:19.201,22.2 1 1
mini-project/businesses/users/usecase.go:24.90,26.35 2 1
mini-project/businesses/users/usecase.go:29.2,29.34 1 1
mini-project/businesses/users/usecase.go:49.2,49.44 1 1
mini-project/businesses/users/usecase.go:26.35,28.3 1 1
mini-project/businesses/users/usecase.go:29.34,36.17 2 1
mini-project/businesses/users/usecase.go:39.3,39.32 1 0
mini-project/businesses/users/usecase.go:36.17,38.4 1 1
mini-project/businesses/users/usecase.go:41.8,41.42 1 1
mini-project/businesses/users/usecase.go:41.42,43.17 2 1
mini-project/businesses/users/usecase.go:46.3,46.34 1 0
mini-project/businesses/users/usecase.go:43.17,45.4 1 1
mini-project/businesses/users/usecase.go:51.61,53.16 2 1
mini-project/businesses/users/usecase.go:57.2,59.19 2 1
mini-project/businesses/users/usecase.go:53.16,55.3 1 1
mini-project/businesses/users/usecase.go:62.58,64.2 1 1
mini-project/businesses/users/usecase.go:65.104,67.2 1 1
mini-project/businesses/users/usecase.go:68.73,70.16 2 1
mini-project/businesses/users/usecase.go:74.2,74.34 1 1
mini-project/businesses/users/usecase.go:101.2,101.59 1 1
mini-project/businesses/users/usecase.go:104.2,104.37 1 1
mini-project/businesses/users/usecase.go:70.16,72.3 1 0
mini-project/businesses/users/usecase.go:74.34,76.17 2 0
mini-project/businesses/users/usecase.go:79.3,83.73 5 0
mini-project/businesses/users/usecase.go:76.17,78.4 1 0
mini-project/businesses/users/usecase.go:83.73,85.4 1 0
mini-project/businesses/users/usecase.go:87.8,87.42 1 1
mini-project/businesses/users/usecase.go:87.42,89.17 2 0
mini-project/businesses/users/usecase.go:93.3,96.80 3 0
mini-project/businesses/users/usecase.go:89.17,91.4 1 0
mini-project/businesses/users/usecase.go:96.81,98.4 0 0
mini-project/businesses/users/usecase.go:101.59,103.3 1 0
mini-project/businesses/users/usecase.go:106.47,108.16 2 1
mini-project/businesses/users/usecase.go:112.2,115.19 3 1
mini-project/businesses/users/usecase.go:123.2,123.12 1 1
mini-project/businesses/users/usecase.go:108.16,110.3 1 1
mini-project/businesses/users/usecase.go:115.19,116.33 1 1
mini-project/businesses/users/usecase.go:116.33,118.4 1 1
mini-project/businesses/users/usecase.go:118.9,118.41 1 1
mini-project/businesses/users/usecase.go:118.41,120.4 1 1
mini-project/businesses/users/usecase.go:125.71,127.2 1 1
